[0.111s] Invoking command in '/home/arlo/d2lros2/chapt3/chapt3_ws/src/build/example_topic_rclcpp': CMAKE_PREFIX_PATH=${CMAKE_PREFIX_PATH}:/opt/ros/humble /usr/bin/cmake --build /home/arlo/d2lros2/chapt3/chapt3_ws/src/build/example_topic_rclcpp -- -j4 -l4
[0.296s] [ 50%] [32mBuilding CXX object CMakeFiles/topic_publisher_01.dir/src/topic_publisher_01.cpp.o[0m
[1.436s] [01m[K/home/arlo/d2lros2/chapt3/chapt3_ws/src/example_topic_rclcpp/src/topic_publisher_01.cpp:2:10:[m[K [01;31m[Kfatal error: [m[Kstd_msgs/msg/string.h: æ²¡æœ‰é‚£ä¸ªæ–‡ä»¶æˆ–ç›®å½•
[1.436s]     2 | #include [01;31m[K"std_msgs/msg/string.h"[m[K //å¯¼å…¥æ¶ˆæ¯æ¥å£
[1.436s]       |          [01;31m[K^~~~~~~~~~~~~~~~~~~~~~~[m[K
[1.436s] compilation terminated.
[1.445s] gmake[2]: *** [CMakeFiles/topic_publisher_01.dir/build.make:76ï¼šCMakeFiles/topic_publisher_01.dir/src/topic_publisher_01.cpp.o] é”™è¯¯ 1
[1.445s] gmake[1]: *** [CMakeFiles/Makefile2:137ï¼šCMakeFiles/topic_publisher_01.dir/all] é”™è¯¯ 2
[1.446s] gmake: *** [Makefile:146ï¼šall] é”™è¯¯ 2
[1.457s] Invoked command in '/home/arlo/d2lros2/chapt3/chapt3_ws/src/build/example_topic_rclcpp' returned '2': CMAKE_PREFIX_PATH=${CMAKE_PREFIX_PATH}:/opt/ros/humble /usr/bin/cmake --build /home/arlo/d2lros2/chapt3/chapt3_ws/src/build/example_topic_rclcpp -- -j4 -l4
