[0.237s] Invoking command in '/home/arlo/d2lros2/chapt3/chapt3_ws/src/example_topic_rclcpp/build/example_topic_rclcpp': CMAKE_PREFIX_PATH=${CMAKE_PREFIX_PATH}:/opt/ros/humble /usr/bin/cmake --build /home/arlo/d2lros2/chapt3/chapt3_ws/src/example_topic_rclcpp/build/example_topic_rclcpp -- -j4 -l4
[0.400s] -- Found ament_cmake: 1.3.8 (/opt/ros/humble/share/ament_cmake/cmake)
[0.761s] -- Found rclcpp: 16.0.8 (/opt/ros/humble/share/rclcpp/cmake)
[0.849s] -- Found rosidl_generator_c: 3.1.5 (/opt/ros/humble/share/rosidl_generator_c/cmake)
[0.856s] -- Found rosidl_adapter: 3.1.5 (/opt/ros/humble/share/rosidl_adapter/cmake)
[0.869s] -- Found rosidl_generator_cpp: 3.1.5 (/opt/ros/humble/share/rosidl_generator_cpp/cmake)
[0.891s] -- Using all available rosidl_typesupport_c: rosidl_typesupport_fastrtps_c;rosidl_typesupport_introspection_c
[0.922s] -- Using all available rosidl_typesupport_cpp: rosidl_typesupport_fastrtps_cpp;rosidl_typesupport_introspection_cpp
[1.027s] -- Found rmw_implementation_cmake: 6.1.1 (/opt/ros/humble/share/rmw_implementation_cmake/cmake)
[1.031s] -- Found rmw_fastrtps_cpp: 6.2.6 (/opt/ros/humble/share/rmw_fastrtps_cpp/cmake)
[1.252s] -- Using RMW implementation 'rmw_fastrtps_cpp' as default
[1.486s] -- Found ament_lint_auto: 0.12.10 (/opt/ros/humble/share/ament_lint_auto/cmake)
[1.708s] -- Added test 'cppcheck' to perform static code analysis on C / C++ code
[1.708s] -- Configured cppcheck include dirs: 
[1.708s] -- Configured cppcheck exclude dirs and/or files: 
[1.720s] -- Added test 'flake8' to check Python code syntax and style conventions
[1.744s] -- Added test 'lint_cmake' to check CMake code style
[1.754s] -- Added test 'pep257' to check Python code against some of the docstring style conventions in PEP 257
[1.822s] -- Added test 'uncrustify' to check C / C++ code style
[1.822s] -- Configured uncrustify additional arguments: 
[1.831s] -- Added test 'xmllint' to check XML markup files
[1.847s] -- Configuring done
[1.918s] -- Generating done
[1.923s] -- Build files have been written to: /home/arlo/d2lros2/chapt3/chapt3_ws/src/example_topic_rclcpp/build/example_topic_rclcpp
[1.986s] [35m[1mConsolidate compiler generated dependencies of target topic_subscribe_01[0m
[1.989s] [35m[1mConsolidate compiler generated dependencies of target topic_publisher_01[0m
[2.066s] [ 25%] [32mBuilding CXX object CMakeFiles/topic_subscribe_01.dir/src/topic_subscribe_01.cpp.o[0m
[2.068s] [ 75%] Built target topic_publisher_01
[8.144s] [01m[K/home/arlo/d2lros2/chapt3/chapt3_ws/src/example_topic_rclcpp/src/topic_subscribe_01.cpp:13:26:[m[K [01;31m[Kerror: [m[Kâ€˜[01m[Kstd_msgs[m[Kâ€™ was not declared in this scope
[8.145s]    13 |     rclcpp::Subscription<[01;31m[Kstd_msgs[m[K::msg::String>::SharedPtr command_subscribe_;
[8.145s]       |                          [01;31m[K^~~~~~~~[m[K
[8.146s] [01m[K/home/arlo/d2lros2/chapt3/chapt3_ws/src/example_topic_rclcpp/src/topic_subscribe_01.cpp:13:47:[m[K [01;31m[Kerror: [m[Ktemplate argument 1 is invalid
[8.146s]    13 |     rclcpp::Subscription<std_msgs::msg::String[01;31m[K>[m[K::SharedPtr command_subscribe_;
[8.146s]       |                                               [01;31m[K^[m[K
[8.146s] [01m[K/home/arlo/d2lros2/chapt3/chapt3_ws/src/example_topic_rclcpp/src/topic_subscribe_01.cpp:13:47:[m[K [01;31m[Kerror: [m[Ktemplate argument 3 is invalid
[8.147s] [01m[K/home/arlo/d2lros2/chapt3/chapt3_ws/src/example_topic_rclcpp/src/topic_subscribe_01.cpp:13:47:[m[K [01;31m[Kerror: [m[Ktemplate argument 4 is invalid
[8.147s] [01m[K/home/arlo/d2lros2/chapt3/chapt3_ws/src/example_topic_rclcpp/src/topic_subscribe_01.cpp:13:47:[m[K [01;31m[Kerror: [m[Ktemplate argument 5 is invalid
[8.147s] [01m[K/home/arlo/d2lros2/chapt3/chapt3_ws/src/example_topic_rclcpp/src/topic_subscribe_01.cpp:13:50:[m[K [01;31m[Kerror: [m[Kexpected â€˜[01m[K;[m[Kâ€™ at end of member declaration
[8.147s]    13 |     rclcpp::Subscription<std_msgs::msg::String>::[01;31m[KSharedPtr[m[K command_subscribe_;
[8.147s]       |                                                  [01;31m[K^~~~~~~~~[m[K
[8.147s]       |                                                           [32m[K;[m[K
[8.150s] [01m[K/home/arlo/d2lros2/chapt3/chapt3_ws/src/example_topic_rclcpp/src/topic_subscribe_01.cpp:13:60:[m[K [01;31m[Kerror: [m[Kâ€˜[01m[Kcommand_subscribe_[m[Kâ€™ does not name a type
[8.150s]    13 |     rclcpp::Subscription<std_msgs::msg::String>::SharedPtr [01;31m[Kcommand_subscribe_[m[K;
[8.150s]       |                                                            [01;31m[K^~~~~~~~~~~~~~~~~~[m[K
[8.151s] [01m[K/home/arlo/d2lros2/chapt3/chapt3_ws/src/example_topic_rclcpp/src/topic_subscribe_01.cpp:15:33:[m[K [01;31m[Kerror: [m[Kâ€˜[01m[Kstd_msgs[m[Kâ€™ does not name a type
[8.152s]    15 |     void command_callback(const [01;31m[Kstd_msgs[m[K::msg::String::SharedPtr msg){
[8.152s]       |                                 [01;31m[K^~~~~~~~[m[K
[8.152s] [01m[K/home/arlo/d2lros2/chapt3/chapt3_ws/src/example_topic_rclcpp/src/topic_subscribe_01.cpp:15:46:[m[K [01;31m[Kerror: [m[Kexpected unqualified-id before â€˜[01m[K::[m[Kâ€™ token
[8.152s]    15 |     void command_callback(const std_msgs::msg[01;31m[K::[m[KString::SharedPtr msg){
[8.153s]       |                                              [01;31m[K^~[m[K
[8.153s] [01m[K/home/arlo/d2lros2/chapt3/chapt3_ws/src/example_topic_rclcpp/src/topic_subscribe_01.cpp:15:46:[m[K [01;31m[Kerror: [m[Kexpected â€˜[01m[K)[m[Kâ€™ before â€˜[01m[K::[m[Kâ€™ token
[8.153s]    15 |     void command_callback[34m[K([m[Kconst std_msgs::msg[01;31m[K:[m[K[32m[K:[m[KString::SharedPtr msg){
[8.153s]       |                          [34m[K~[m[K                   [01;31m[K^[m[K[32m[K~[m[K
[8.154s]       |                                              [32m[K)[m[K
[8.154s] [01m[K/home/arlo/d2lros2/chapt3/chapt3_ws/src/example_topic_rclcpp/src/topic_subscribe_01.cpp:15:43:[m[K [01;31m[Kerror: [m[Kexpected â€˜[01m[K;[m[Kâ€™ at end of member declaration
[8.154s]    15 |     void command_callback(const std_msgs::[01;31m[Kmsg[m[K::String::SharedPtr msg){
[8.154s]       |                                           [01;31m[K^~~[m[K
[8.154s]       |                                              [32m[K;[m[K
[8.156s] [01m[K/home/arlo/d2lros2/chapt3/chapt3_ws/src/example_topic_rclcpp/src/topic_subscribe_01.cpp:15:48:[m[K [01;31m[Kerror: [m[Kâ€˜[01m[KString[m[Kâ€™ in namespace â€˜[01m[K::[m[Kâ€™ does not name a type
[8.156s]    15 |     void command_callback(const std_msgs::msg::[01;31m[KString[m[K::SharedPtr msg){
[8.156s]       |                                                [01;31m[K^~~~~~[m[K
[8.163s] [01m[K/home/arlo/d2lros2/chapt3/chapt3_ws/src/example_topic_rclcpp/src/topic_subscribe_01.cpp:[m[K In constructor â€˜[01m[KTopicSubscribe01::TopicSubscribe01(std::string)[m[Kâ€™:
[8.164s] [01m[K/home/arlo/d2lros2/chapt3/chapt3_ws/src/example_topic_rclcpp/src/topic_subscribe_01.cpp:9:9:[m[K [01;31m[Kerror: [m[Kâ€˜[01m[Kcommand_subscribe_[m[Kâ€™ was not declared in this scope; did you mean â€˜[01m[Kcount_subscribers[m[Kâ€™?
[8.164s]     9 |         [01;31m[Kcommand_subscribe_[m[K = this->create_subscription<std_msgs::msg::String>("command",10,std::bind(&TopicSubscribe01::topic_callback,this,std::placeholders::_1));
[8.164s]       |         [01;31m[K^~~~~~~~~~~~~~~~~~[m[K
[8.164s]       |         [32m[Kcount_subscribers[m[K
[8.168s] [01m[K/home/arlo/d2lros2/chapt3/chapt3_ws/src/example_topic_rclcpp/src/topic_subscribe_01.cpp:9:56:[m[K [01;31m[Kerror: [m[Kâ€˜[01m[Kstd_msgs[m[Kâ€™ was not declared in this scope
[8.168s]     9 |         command_subscribe_ = this->create_subscription<[01;31m[Kstd_msgs[m[K::msg::String>("command",10,std::bind(&TopicSubscribe01::topic_callback,this,std::placeholders::_1));
[8.169s]       |                                                        [01;31m[K^~~~~~~~[m[K
[8.169s] [01m[K/home/arlo/d2lros2/chapt3/chapt3_ws/src/example_topic_rclcpp/src/topic_subscribe_01.cpp:9:36:[m[K [01;31m[Kerror: [m[Kparse error in template argument list
[8.169s]     9 |         command_subscribe_ = this->[01;31m[Kcreate_subscription<std_msgs::msg::String>[m[K("command",10,std::bind(&TopicSubscribe01::topic_callback,this,std::placeholders::_1));
[8.169s]       |                                    [01;31m[K^~~~~~~~~~~~~~~~~~~~~~~~~~~~~~~~~~~~~~~~~~[m[K
[8.169s] [01m[K/home/arlo/d2lros2/chapt3/chapt3_ws/src/example_topic_rclcpp/src/topic_subscribe_01.cpp:9:121:[m[K [01;31m[Kerror: [m[Kâ€˜[01m[Ktopic_callback[m[Kâ€™ is not a member of â€˜[01m[KTopicSubscribe01[m[Kâ€™
[8.169s]     9 |         command_subscribe_ = this->create_subscription<std_msgs::msg::String>("command",10,std::bind(&TopicSubscribe01::[01;31m[Ktopic_callback[m[K,this,std::placeholders::_1));
[8.169s]       |                                                                                                                         [01;31m[K^~~~~~~~~~~~~~[m[K
[8.795s] gmake[2]: *** [CMakeFiles/topic_subscribe_01.dir/build.make:76ï¼šCMakeFiles/topic_subscribe_01.dir/src/topic_subscribe_01.cpp.o] é”™è¯¯ 1
[8.796s] gmake[1]: *** [CMakeFiles/Makefile2:165ï¼šCMakeFiles/topic_subscribe_01.dir/all] é”™è¯¯ 2
[8.796s] gmake: *** [Makefile:146ï¼šall] é”™è¯¯ 2
[8.806s] Invoked command in '/home/arlo/d2lros2/chapt3/chapt3_ws/src/example_topic_rclcpp/build/example_topic_rclcpp' returned '2': CMAKE_PREFIX_PATH=${CMAKE_PREFIX_PATH}:/opt/ros/humble /usr/bin/cmake --build /home/arlo/d2lros2/chapt3/chapt3_ws/src/example_topic_rclcpp/build/example_topic_rclcpp -- -j4 -l4
